<?xml version="1.0" encoding="UTF-8"?>
<testng-results ignored="0" total="1" passed="1" failed="0" skipped="0">
  <reporter-output>
  </reporter-output>
  <suite started-at="2021-11-19T11:49:15 IST" name="Default suite" finished-at="2021-11-19T11:49:19 IST" duration-ms="4292">
    <groups>
    </groups>
    <test started-at="2021-11-19T11:49:15 IST" name="Default test" finished-at="2021-11-19T11:49:19 IST" duration-ms="4292">
      <class name="calculatornet.Multiplication_2">
        <test-method is-config="true" signature="beforeTest()[pri:0, instance:calculatornet.Multiplication_2@fa49800]" started-at="2021-11-19T11:49:15 IST" name="beforeTest" finished-at="2021-11-19T11:49:16 IST" duration-ms="1383" status="PASS">
          <reporter-output>
          </reporter-output>
        </test-method> <!-- beforeTest -->
        <test-method signature="f()[pri:0, instance:calculatornet.Multiplication_2@fa49800]" started-at="2021-11-19T11:49:16 IST" name="f" finished-at="2021-11-19T11:49:19 IST" duration-ms="2850" status="PASS">
          <reporter-output>
          </reporter-output>
        </test-method> <!-- f -->
      </class> <!-- calculatornet.Multiplication_2 -->
    </test> <!-- Default test -->
  </suite> <!-- Default suite -->
</testng-results>
